{"uuid":"d22748cc-d072-4ac2-a274-712788337741","historyId":"efe80e0953de49e2bab41d61df000f05","fullName":"test.computer.BuyingStandardComputerTest.testStandardComputerBuying","labels":[{"name":"package","value":"test.computer.BuyingStandardComputerTest"},{"name":"testClass","value":"test.computer.BuyingStandardComputerTest"},{"name":"testMethod","value":"testStandardComputerBuying"},{"name":"parentSuite","value":"Default Suite"},{"name":"suite","value":"selenium-k8-web"},{"name":"subSuite","value":"test.computer.BuyingStandardComputerTest"},{"name":"host","value":"Minhs-MBP"},{"name":"thread","value":"2215@Minhs-MBP.main(1)"},{"name":"framework","value":"testng"},{"name":"language","value":"java"}],"links":[],"name":"testStandardComputerBuying","status":"skipped","statusDetails":{"known":false,"muted":false,"flaky":false,"message":"java.lang.RuntimeException: [ERR] Error while  reading the file/Users/minh/SOURCE_CODE/selenium-k8-websrc/test/java/test_data/computer/StandardComputerDataList.json","trace":"java.lang.RuntimeException: java.lang.RuntimeException: [ERR] Error while  reading the file/Users/minh/SOURCE_CODE/selenium-k8-websrc/test/java/test_data/computer/StandardComputerDataList.json\n\tat org.testng.internal.invokers.MethodInvocationHelper.invokeMethodNoCheckedException(MethodInvocationHelper.java:53)\n\tat org.testng.internal.invokers.MethodInvocationHelper.invokeDataProvider(MethodInvocationHelper.java:153)\n\tat org.testng.internal.Parameters.handleParameters(Parameters.java:767)\n\tat org.testng.internal.Parameters.handleParameters(Parameters.java:704)\n\tat org.testng.internal.invokers.ParameterHandler.handleParameters(ParameterHandler.java:70)\n\tat org.testng.internal.invokers.ParameterHandler.createParameters(ParameterHandler.java:49)\n\tat org.testng.internal.invokers.TestInvoker$MethodInvocationAgent.invoke(TestInvoker.java:904)\n\tat org.testng.internal.invokers.TestInvoker.invokeTestMethods(TestInvoker.java:193)\n\tat org.testng.internal.invokers.TestMethodWorker.invokeTestMethods(TestMethodWorker.java:146)\n\tat org.testng.internal.invokers.TestMethodWorker.run(TestMethodWorker.java:128)\n\tat java.util.ArrayList.forEach(ArrayList.java:1259)\n\tat org.testng.TestRunner.privateRun(TestRunner.java:808)\n\tat org.testng.TestRunner.run(TestRunner.java:603)\n\tat org.testng.SuiteRunner.runTest(SuiteRunner.java:429)\n\tat org.testng.SuiteRunner.runSequentially(SuiteRunner.java:423)\n\tat org.testng.SuiteRunner.privateRun(SuiteRunner.java:383)\n\tat org.testng.SuiteRunner.run(SuiteRunner.java:326)\n\tat org.testng.SuiteRunnerWorker.runSuite(SuiteRunnerWorker.java:52)\n\tat org.testng.SuiteRunnerWorker.run(SuiteRunnerWorker.java:95)\n\tat org.testng.TestNG.runSuitesSequentially(TestNG.java:1249)\n\tat org.testng.TestNG.runSuitesLocally(TestNG.java:1169)\n\tat org.testng.TestNG.runSuites(TestNG.java:1092)\n\tat org.testng.TestNG.run(TestNG.java:1060)\n\tat com.intellij.rt.testng.IDEARemoteTestNG.run(IDEARemoteTestNG.java:66)\n\tat com.intellij.rt.testng.RemoteTestNGStarter.main(RemoteTestNGStarter.java:109)\nCaused by: java.lang.RuntimeException: [ERR] Error while  reading the file/Users/minh/SOURCE_CODE/selenium-k8-websrc/test/java/test_data/computer/StandardComputerDataList.json\n\tat test_data.DataObjectBuilder.buildDataObjectFrom(DataObjectBuilder.java:22)\n\tat test.computer.BuyingStandardComputerTest.computerData(BuyingStandardComputerTest.java:27)\n\tat sun.reflect.NativeMethodAccessorImpl.invoke0(Native Method)\n\tat sun.reflect.NativeMethodAccessorImpl.invoke(NativeMethodAccessorImpl.java:62)\n\tat sun.reflect.DelegatingMethodAccessorImpl.invoke(DelegatingMethodAccessorImpl.java:43)\n\tat java.lang.reflect.Method.invoke(Method.java:498)\n\tat org.testng.internal.invokers.MethodInvocationHelper.invokeMethod(MethodInvocationHelper.java:135)\n\tat org.testng.internal.invokers.MethodInvocationHelper.invokeMethod(MethodInvocationHelper.java:80)\n\tat org.testng.internal.invokers.MethodInvocationHelper.invokeMethodNoCheckedException(MethodInvocationHelper.java:49)\n\t... 24 more\n"},"stage":"finished","steps":[],"attachments":[],"parameters":[],"start":1661099058816,"stop":1661099058820}