<?xml version="1.0" encoding="UTF-8"?>
<testng-results skipped="0" failed="2" ignored="0" total="8" passed="6">
  <reporter-output>
  </reporter-output>
  <suite name="Regression" duration-ms="85664" started-at="2022-09-26T21:29:43 ICT" finished-at="2022-09-26T21:31:09 ICT">
    <groups>
    </groups>
    <test name="Group3" duration-ms="11" started-at="2022-09-26T21:29:43 ICT" finished-at="2022-09-26T21:29:43 ICT">
    </test> <!-- Group3 -->
    <test name="Group4" duration-ms="14311" started-at="2022-09-26T21:29:43 ICT" finished-at="2022-09-26T21:29:58 ICT">
      <class name="test.global.footer.FooterTest">
        <test-method status="PASS" signature="initBrowserSession(java.lang.String)[pri:0, instance:test.global.footer.FooterTest@4df50bcc]" name="initBrowserSession" is-config="true" duration-ms="14" started-at="2022-09-26T21:29:43 ICT" description="Init browser session" finished-at="2022-09-26T21:29:43 ICT">
          <params>
            <param index="0">
              <value>
                <![CDATA[chrome]]>
              </value>
            </param>
          </params>
          <reporter-output>
          </reporter-output>
        </test-method> <!-- initBrowserSession -->
        <test-method status="FAIL" signature="testFooterCategoryPage()[pri:0, instance:test.global.footer.FooterTest@4df50bcc]" name="testFooterCategoryPage" duration-ms="10589" started-at="2022-09-26T21:29:43 ICT" finished-at="2022-09-26T21:29:54 ICT">
          <exception class="java.lang.AssertionError">
            <message>
              <![CDATA[Demo taking screenshot when is failed]]>
            </message>
            <full-stacktrace>
              <![CDATA[java.lang.AssertionError: Demo taking screenshot when is failed
at org.testng.Assert.fail(Assert.java:110)
at test.global.footer.FooterTest.testFooterCategoryPage(FooterTest.java:15)
at sun.reflect.NativeMethodAccessorImpl.invoke0(Native Method)
at sun.reflect.NativeMethodAccessorImpl.invoke(NativeMethodAccessorImpl.java:62)
at sun.reflect.DelegatingMethodAccessorImpl.invoke(DelegatingMethodAccessorImpl.java:43)
at java.lang.reflect.Method.invoke(Method.java:498)
at org.testng.internal.invokers.MethodInvocationHelper.invokeMethod(MethodInvocationHelper.java:135)
at org.testng.internal.invokers.TestInvoker.invokeMethod(TestInvoker.java:673)
at org.testng.internal.invokers.TestInvoker.invokeTestMethod(TestInvoker.java:220)
at org.testng.internal.invokers.MethodRunner.runInSequence(MethodRunner.java:50)
at org.testng.internal.invokers.TestInvoker$MethodInvocationAgent.invoke(TestInvoker.java:945)
at org.testng.internal.invokers.TestInvoker.invokeTestMethods(TestInvoker.java:193)
at org.testng.internal.invokers.TestMethodWorker.invokeTestMethods(TestMethodWorker.java:146)
at org.testng.internal.invokers.TestMethodWorker.run(TestMethodWorker.java:128)
at java.util.ArrayList.forEach(ArrayList.java:1259)
at org.testng.TestRunner.privateRun(TestRunner.java:808)
at org.testng.TestRunner.run(TestRunner.java:603)
at org.testng.SuiteRunner.runTest(SuiteRunner.java:429)
at org.testng.SuiteRunner.access$000(SuiteRunner.java:32)
at org.testng.SuiteRunner$SuiteWorker.run(SuiteRunner.java:467)
at org.testng.internal.thread.ThreadUtil.lambda$execute$0(ThreadUtil.java:58)
at java.util.concurrent.FutureTask.run(FutureTask.java:266)
at java.util.concurrent.ThreadPoolExecutor.runWorker(ThreadPoolExecutor.java:1149)
at java.util.concurrent.ThreadPoolExecutor$Worker.run(ThreadPoolExecutor.java:624)
at java.lang.Thread.run(Thread.java:750)
]]>
            </full-stacktrace>
          </exception> <!-- java.lang.AssertionError -->
          <reporter-output>
          </reporter-output>
        </test-method> <!-- testFooterCategoryPage -->
        <test-method status="PASS" signature="captureScreenshot(org.testng.ITestResult)[pri:0, instance:test.global.footer.FooterTest@4df50bcc]" name="captureScreenshot" is-config="true" duration-ms="543" started-at="2022-09-26T21:29:54 ICT" finished-at="2022-09-26T21:29:55 ICT">
          <params>
            <param index="0">
              <value>
                <![CDATA[[TestResult name=testFooterCategoryPage status=FAILURE method=FooterTest.testFooterCategoryPage()[pri:0, instance:test.global.footer.FooterTest@4df50bcc] output={null}]]]>
              </value>
            </param>
          </params>
          <reporter-output>
          </reporter-output>
        </test-method> <!-- captureScreenshot -->
        <test-method status="FAIL" signature="testFooterHomePage()[pri:0, instance:test.global.footer.FooterTest@4df50bcc]" name="testFooterHomePage" duration-ms="2657" started-at="2022-09-26T21:29:55 ICT" finished-at="2022-09-26T21:29:57 ICT">
          <exception class="java.lang.AssertionError">
            <message>
              <![CDATA[LINK [ERR] Actual and expected hyperlink are different!: Lists differ at element [0]: http://demowebshop.tricentis.com/sitemap != https://demowebshop.tricentis.com/sitemap expected [http://demowebshop.tricentis.com/sitemap] but found [https://demowebshop.tricentis.com/sitemap]]]>
            </message>
            <full-stacktrace>
              <![CDATA[java.lang.AssertionError: LINK [ERR] Actual and expected hyperlink are different!: Lists differ at element [0]: http://demowebshop.tricentis.com/sitemap != https://demowebshop.tricentis.com/sitemap expected [http://demowebshop.tricentis.com/sitemap] but found [https://demowebshop.tricentis.com/sitemap]
at org.testng.Assert.fail(Assert.java:110)
at org.testng.Assert.failNotEquals(Assert.java:1413)
at org.testng.Assert.assertEqualsImpl(Assert.java:149)
at org.testng.Assert.assertEquals(Assert.java:1479)
at test_flows.global.FooterTestFlow.verifyFooterComponent(FooterTestFlow.java:168)
at test_flows.global.FooterTestFlow.verifyInformationColumn(FooterTestFlow.java:56)
at test_flows.global.FooterTestFlow.verifyFooterComponent(FooterTestFlow.java:32)
at test_flows.global.FooterTestFlow.verifyProductCatFooterComponent(FooterTestFlow.java:148)
at test.global.footer.FooterTest.testFooterHomePage(FooterTest.java:25)
at sun.reflect.NativeMethodAccessorImpl.invoke0(Native Method)
at sun.reflect.NativeMethodAccessorImpl.invoke(NativeMethodAccessorImpl.java:62)
at sun.reflect.DelegatingMethodAccessorImpl.invoke(DelegatingMethodAccessorImpl.java:43)
at java.lang.reflect.Method.invoke(Method.java:498)
at org.testng.internal.invokers.MethodInvocationHelper.invokeMethod(MethodInvocationHelper.java:135)
at org.testng.internal.invokers.TestInvoker.invokeMethod(TestInvoker.java:673)
at org.testng.internal.invokers.TestInvoker.invokeTestMethod(TestInvoker.java:220)
at org.testng.internal.invokers.MethodRunner.runInSequence(MethodRunner.java:50)
at org.testng.internal.invokers.TestInvoker$MethodInvocationAgent.invoke(TestInvoker.java:945)
at org.testng.internal.invokers.TestInvoker.invokeTestMethods(TestInvoker.java:193)
at org.testng.internal.invokers.TestMethodWorker.invokeTestMethods(TestMethodWorker.java:146)
at org.testng.internal.invokers.TestMethodWorker.run(TestMethodWorker.java:128)
at java.util.ArrayList.forEach(ArrayList.java:1259)
at org.testng.TestRunner.privateRun(TestRunner.java:808)
at org.testng.TestRunner.run(TestRunner.java:603)
at org.testng.SuiteRunner.runTest(SuiteRunner.java:429)
at org.testng.SuiteRunner.access$000(SuiteRunner.java:32)
at org.testng.SuiteRunner$SuiteWorker.run(SuiteRunner.java:467)
at org.testng.internal.thread.ThreadUtil.lambda$execute$0(ThreadUtil.java:58)
at java.util.concurrent.FutureTask.run(FutureTask.java:266)
at java.util.concurrent.ThreadPoolExecutor.runWorker(ThreadPoolExecutor.java:1149)
at java.util.concurrent.ThreadPoolExecutor$Worker.run(ThreadPoolExecutor.java:624)
at java.lang.Thread.run(Thread.java:750)
]]>
            </full-stacktrace>
          </exception> <!-- java.lang.AssertionError -->
          <reporter-output>
          </reporter-output>
        </test-method> <!-- testFooterHomePage -->
        <test-method status="PASS" signature="captureScreenshot(org.testng.ITestResult)[pri:0, instance:test.global.footer.FooterTest@4df50bcc]" name="captureScreenshot" is-config="true" duration-ms="319" started-at="2022-09-26T21:29:57 ICT" finished-at="2022-09-26T21:29:58 ICT">
          <params>
            <param index="0">
              <value>
                <![CDATA[[TestResult name=testFooterHomePage status=FAILURE method=FooterTest.testFooterHomePage()[pri:0, instance:test.global.footer.FooterTest@4df50bcc] output={null}]]]>
              </value>
            </param>
          </params>
          <reporter-output>
          </reporter-output>
        </test-method> <!-- captureScreenshot -->
        <test-method status="PASS" signature="closeBrowserSession()[pri:0, instance:test.global.footer.FooterTest@4df50bcc]" name="closeBrowserSession" is-config="true" duration-ms="145" started-at="2022-09-26T21:29:58 ICT" finished-at="2022-09-26T21:29:58 ICT">
          <reporter-output>
          </reporter-output>
        </test-method> <!-- closeBrowserSession -->
      </class> <!-- test.global.footer.FooterTest -->
    </test> <!-- Group4 -->
    <test name="Group2" duration-ms="84956" started-at="2022-09-26T21:29:43 ICT" finished-at="2022-09-26T21:31:08 ICT">
      <class name="test.computer.BuyingCheapComputerTest">
        <test-method status="PASS" signature="initBrowserSession(java.lang.String)[pri:0, instance:test.computer.BuyingCheapComputerTest@6ce139a4]" name="initBrowserSession" is-config="true" duration-ms="14" started-at="2022-09-26T21:29:43 ICT" description="Init browser session" finished-at="2022-09-26T21:29:43 ICT">
          <params>
            <param index="0">
              <value>
                <![CDATA[chrome]]>
              </value>
            </param>
          </params>
          <reporter-output>
          </reporter-output>
        </test-method> <!-- initBrowserSession -->
        <test-method status="PASS" signature="testCheapComputerBuying(test_data.computer.ComputerData)[pri:0, instance:test.computer.BuyingCheapComputerTest@6ce139a4]" name="testCheapComputerBuying" duration-ms="45337" started-at="2022-09-26T21:29:43 ICT" data-provider="computerData" finished-at="2022-09-26T21:30:29 ICT">
          <params>
            <param index="0">
              <value>
                <![CDATA[ComputerData{processorType='Fast', ram='8 GB', os='null', hdd='320 GB', software='Image Viever'}]]>
              </value>
            </param>
          </params>
          <reporter-output>
          </reporter-output>
        </test-method> <!-- testCheapComputerBuying -->
        <test-method status="PASS" signature="captureScreenshot(org.testng.ITestResult)[pri:0, instance:test.computer.BuyingCheapComputerTest@6ce139a4]" name="captureScreenshot" is-config="true" duration-ms="2" started-at="2022-09-26T21:30:29 ICT" finished-at="2022-09-26T21:30:29 ICT">
          <params>
            <param index="0">
              <value>
                <![CDATA[[TestResult name=testCheapComputerBuying status=SUCCESS method=BuyingCheapComputerTest.testCheapComputerBuying(test_data.computer.ComputerData)[pri:0, instance:test.computer.BuyingCheapComputerTest@6ce139a4] output={null}]]]>
              </value>
            </param>
          </params>
          <reporter-output>
          </reporter-output>
        </test-method> <!-- captureScreenshot -->
        <test-method status="PASS" signature="testCheapComputerBuying(test_data.computer.ComputerData)[pri:0, instance:test.computer.BuyingCheapComputerTest@6ce139a4]" name="testCheapComputerBuying" duration-ms="19693" started-at="2022-09-26T21:30:29 ICT" data-provider="computerData" finished-at="2022-09-26T21:30:49 ICT">
          <params>
            <param index="0">
              <value>
                <![CDATA[ComputerData{processorType='Fast', ram='4 GB', os='null', hdd='400 GB', software='Office Suite'}]]>
              </value>
            </param>
          </params>
          <reporter-output>
          </reporter-output>
        </test-method> <!-- testCheapComputerBuying -->
        <test-method status="PASS" signature="captureScreenshot(org.testng.ITestResult)[pri:0, instance:test.computer.BuyingCheapComputerTest@6ce139a4]" name="captureScreenshot" is-config="true" duration-ms="0" started-at="2022-09-26T21:30:49 ICT" finished-at="2022-09-26T21:30:49 ICT">
          <params>
            <param index="0">
              <value>
                <![CDATA[[TestResult name=testCheapComputerBuying status=SUCCESS method=BuyingCheapComputerTest.testCheapComputerBuying(test_data.computer.ComputerData)[pri:0, instance:test.computer.BuyingCheapComputerTest@6ce139a4] output={null}]]]>
              </value>
            </param>
          </params>
          <reporter-output>
          </reporter-output>
        </test-method> <!-- captureScreenshot -->
        <test-method status="PASS" signature="testCheapComputerBuying(test_data.computer.ComputerData)[pri:0, instance:test.computer.BuyingCheapComputerTest@6ce139a4]" name="testCheapComputerBuying" duration-ms="19609" started-at="2022-09-26T21:30:49 ICT" data-provider="computerData" finished-at="2022-09-26T21:31:08 ICT">
          <params>
            <param index="0">
              <value>
                <![CDATA[ComputerData{processorType='Fast', ram='2 GB', os='null', hdd='320 GB', software='Other Office Suite'}]]>
              </value>
            </param>
          </params>
          <reporter-output>
          </reporter-output>
        </test-method> <!-- testCheapComputerBuying -->
        <test-method status="PASS" signature="captureScreenshot(org.testng.ITestResult)[pri:0, instance:test.computer.BuyingCheapComputerTest@6ce139a4]" name="captureScreenshot" is-config="true" duration-ms="0" started-at="2022-09-26T21:31:08 ICT" finished-at="2022-09-26T21:31:08 ICT">
          <params>
            <param index="0">
              <value>
                <![CDATA[[TestResult name=testCheapComputerBuying status=SUCCESS method=BuyingCheapComputerTest.testCheapComputerBuying(test_data.computer.ComputerData)[pri:0, instance:test.computer.BuyingCheapComputerTest@6ce139a4] output={null}]]]>
              </value>
            </param>
          </params>
          <reporter-output>
          </reporter-output>
        </test-method> <!-- captureScreenshot -->
        <test-method status="PASS" signature="closeBrowserSession()[pri:0, instance:test.computer.BuyingCheapComputerTest@6ce139a4]" name="closeBrowserSession" is-config="true" duration-ms="207" started-at="2022-09-26T21:31:08 ICT" finished-at="2022-09-26T21:31:08 ICT">
          <reporter-output>
          </reporter-output>
        </test-method> <!-- closeBrowserSession -->
      </class> <!-- test.computer.BuyingCheapComputerTest -->
    </test> <!-- Group2 -->
    <test name="Group1" duration-ms="85664" started-at="2022-09-26T21:29:43 ICT" finished-at="2022-09-26T21:31:09 ICT">
      <class name="test.computer.BuyingStandardComputerTest">
        <test-method status="PASS" signature="initBrowserSession(java.lang.String)[pri:0, instance:test.computer.BuyingStandardComputerTest@23986957]" name="initBrowserSession" is-config="true" duration-ms="14" started-at="2022-09-26T21:29:43 ICT" description="Init browser session" finished-at="2022-09-26T21:29:43 ICT">
          <params>
            <param index="0">
              <value>
                <![CDATA[chrome]]>
              </value>
            </param>
          </params>
          <reporter-output>
          </reporter-output>
        </test-method> <!-- initBrowserSession -->
        <test-method status="PASS" signature="testStandardComputerBuying(test_data.computer.ComputerData)[pri:0, instance:test.computer.BuyingStandardComputerTest@23986957]" name="testStandardComputerBuying" duration-ms="46532" started-at="2022-09-26T21:29:43 ICT" data-provider="computerData" finished-at="2022-09-26T21:30:30 ICT">
          <params>
            <param index="0">
              <value>
                <![CDATA[ComputerData{processorType='2.2GHz', ram='8GB', os='Ubuntu', hdd='400 GB', software='Microsoft Office'}]]>
              </value>
            </param>
          </params>
          <reporter-output>
          </reporter-output>
        </test-method> <!-- testStandardComputerBuying -->
        <test-method status="PASS" signature="captureScreenshot(org.testng.ITestResult)[pri:0, instance:test.computer.BuyingStandardComputerTest@23986957]" name="captureScreenshot" is-config="true" duration-ms="0" started-at="2022-09-26T21:30:30 ICT" finished-at="2022-09-26T21:30:30 ICT">
          <params>
            <param index="0">
              <value>
                <![CDATA[[TestResult name=testStandardComputerBuying status=SUCCESS method=BuyingStandardComputerTest.testStandardComputerBuying(test_data.computer.ComputerData)[pri:0, instance:test.computer.BuyingStandardComputerTest@23986957] output={null}]]]>
              </value>
            </param>
          </params>
          <reporter-output>
          </reporter-output>
        </test-method> <!-- captureScreenshot -->
        <test-method status="PASS" signature="testStandardComputerBuying(test_data.computer.ComputerData)[pri:0, instance:test.computer.BuyingStandardComputerTest@23986957]" name="testStandardComputerBuying" duration-ms="19480" started-at="2022-09-26T21:30:30 ICT" data-provider="computerData" finished-at="2022-09-26T21:30:49 ICT">
          <params>
            <param index="0">
              <value>
                <![CDATA[ComputerData{processorType='2.5GHz', ram='4GB', os='Windows 7', hdd='320 GB', software='Acrobat Reader'}]]>
              </value>
            </param>
          </params>
          <reporter-output>
          </reporter-output>
        </test-method> <!-- testStandardComputerBuying -->
        <test-method status="PASS" signature="captureScreenshot(org.testng.ITestResult)[pri:0, instance:test.computer.BuyingStandardComputerTest@23986957]" name="captureScreenshot" is-config="true" duration-ms="0" started-at="2022-09-26T21:30:49 ICT" finished-at="2022-09-26T21:30:49 ICT">
          <params>
            <param index="0">
              <value>
                <![CDATA[[TestResult name=testStandardComputerBuying status=SUCCESS method=BuyingStandardComputerTest.testStandardComputerBuying(test_data.computer.ComputerData)[pri:0, instance:test.computer.BuyingStandardComputerTest@23986957] output={null}]]]>
              </value>
            </param>
          </params>
          <reporter-output>
          </reporter-output>
        </test-method> <!-- captureScreenshot -->
        <test-method status="PASS" signature="testStandardComputerBuying(test_data.computer.ComputerData)[pri:0, instance:test.computer.BuyingStandardComputerTest@23986957]" name="testStandardComputerBuying" duration-ms="19396" started-at="2022-09-26T21:30:49 ICT" data-provider="computerData" finished-at="2022-09-26T21:31:09 ICT">
          <params>
            <param index="0">
              <value>
                <![CDATA[ComputerData{processorType='2.2GHz', ram='2GB', os='Windows 10', hdd='320 GB', software='Total Commander'}]]>
              </value>
            </param>
          </params>
          <reporter-output>
          </reporter-output>
        </test-method> <!-- testStandardComputerBuying -->
        <test-method status="PASS" signature="captureScreenshot(org.testng.ITestResult)[pri:0, instance:test.computer.BuyingStandardComputerTest@23986957]" name="captureScreenshot" is-config="true" duration-ms="0" started-at="2022-09-26T21:31:09 ICT" finished-at="2022-09-26T21:31:09 ICT">
          <params>
            <param index="0">
              <value>
                <![CDATA[[TestResult name=testStandardComputerBuying status=SUCCESS method=BuyingStandardComputerTest.testStandardComputerBuying(test_data.computer.ComputerData)[pri:0, instance:test.computer.BuyingStandardComputerTest@23986957] output={null}]]]>
              </value>
            </param>
          </params>
          <reporter-output>
          </reporter-output>
        </test-method> <!-- captureScreenshot -->
        <test-method status="PASS" signature="closeBrowserSession()[pri:0, instance:test.computer.BuyingStandardComputerTest@23986957]" name="closeBrowserSession" is-config="true" duration-ms="161" started-at="2022-09-26T21:31:09 ICT" finished-at="2022-09-26T21:31:09 ICT">
          <reporter-output>
          </reporter-output>
        </test-method> <!-- closeBrowserSession -->
      </class> <!-- test.computer.BuyingStandardComputerTest -->
    </test> <!-- Group1 -->
  </suite> <!-- Regression -->
</testng-results>
